<?xml version="1.0" encoding="UTF-8"?>
<testsuite name="com.bestbuy.cucumber.CucumberRunner" time="45.874" tests="52" errors="0" skipped="0" failures="0">
  <properties>
    <property name="java.runtime.name" value="Java(TM) SE Runtime Environment"/>
    <property name="sun.boot.library.path" value="C:\Program Files\Java\jdk1.8.0_121\jre\bin"/>
    <property name="java.vm.version" value="25.121-b13"/>
    <property name="java.vm.vendor" value="Oracle Corporation"/>
    <property name="maven.multiModuleProjectDirectory" value="C:\Users\anushk\IdeaProjects\bestbuy-serenity-cucumber-project"/>
    <property name="java.vendor.url" value="http://java.oracle.com/"/>
    <property name="path.separator" value=";"/>
    <property name="guice.disable.misplaced.annotation.check" value="true"/>
    <property name="java.vm.name" value="Java HotSpot(TM) 64-Bit Server VM"/>
    <property name="file.encoding.pkg" value="sun.io"/>
    <property name="user.script" value=""/>
    <property name="user.country" value="GB"/>
    <property name="sun.java.launcher" value="SUN_STANDARD"/>
    <property name="sun.os.patch.level" value=""/>
    <property name="java.vm.specification.name" value="Java Virtual Machine Specification"/>
    <property name="user.dir" value="C:\Users\anushk\IdeaProjects\bestbuy-serenity-cucumber-project"/>
    <property name="java.runtime.version" value="1.8.0_121-b13"/>
    <property name="java.awt.graphicsenv" value="sun.awt.Win32GraphicsEnvironment"/>
    <property name="java.endorsed.dirs" value="C:\Program Files\Java\jdk1.8.0_121\jre\lib\endorsed"/>
    <property name="os.arch" value="amd64"/>
    <property name="java.io.tmpdir" value="C:\Users\anushk\AppData\Local\Temp\"/>
    <property name="line.separator" value="&#10;"/>
    <property name="java.vm.specification.vendor" value="Oracle Corporation"/>
    <property name="user.variant" value=""/>
    <property name="os.name" value="Windows 10"/>
    <property name="maven.ext.class.path" value="C:\Program Files\JetBrains\IntelliJ IDEA Community Edition 2019.3.2\plugins\maven\lib\maven-event-listener.jar"/>
    <property name="classworlds.conf" value="C:\Program Files\JetBrains\IntelliJ IDEA Community Edition 2019.3.2\plugins\maven\lib\maven3\bin\m2.conf"/>
    <property name="sun.jnu.encoding" value="Cp1252"/>
    <property name="java.library.path" value="C:\Program Files\Java\jdk1.8.0_121\bin;C:\WINDOWS\Sun\Java\bin;C:\WINDOWS\system32;C:\WINDOWS;C:\ProgramData\Oracle\Java\javapath;C:\Program Files (x86)\Intel\iCLS Client\;C:\Program Files\Intel\iCLS Client\;C:\WINDOWS\system32;C:\WINDOWS;C:\WINDOWS\System32\Wbem;C:\WINDOWS\System32\WindowsPowerShell\v1.0\;C:\Program Files\Hewlett-Packard\SimplePass\;C:\Program Files\Intel\Intel(R) Management Engine Components\DAL;C:\Program Files\Intel\Intel(R) Management Engine Components\IPT;C:\Program Files (x86)\Intel\Intel(R) Management Engine Components\DAL;C:\Program Files (x86)\Intel\Intel(R) Management Engine Components\IPT;C:\Program Files (x86)\QuickTime\QTSystem\;C:\Program Files (x86)\Windows Live\Shared;C:\Program Files\Java\jdk1.8.0_121\bin;C:\Program Files\Git\cmd;C:\Program Files\apache\apache-maven-3.6.3\bin;C:\WINDOWS\System32\OpenSSH\;C:\Program Files\nodejs\;C:\Users\anushk\AppData\Local\Microsoft\WindowsApps;C:\Users\anushk\AppData\Roaming\npm;%DASHLANE_DLL_DIR%;."/>
    <property name="maven.conf" value="C:\Program Files\JetBrains\IntelliJ IDEA Community Edition 2019.3.2\plugins\maven\lib\maven3/conf"/>
    <property name="java.specification.name" value="Java Platform API Specification"/>
    <property name="java.class.version" value="52.0"/>
    <property name="sun.management.compiler" value="HotSpot 64-Bit Tiered Compilers"/>
    <property name="os.version" value="10.0"/>
    <property name="idea.version2019.3.2" value="true"/>
    <property name="user.home" value="C:\Users\anushk"/>
    <property name="user.timezone" value="Europe/London"/>
    <property name="java.awt.printerjob" value="sun.awt.windows.WPrinterJob"/>
    <property name="java.specification.version" value="1.8"/>
    <property name="file.encoding" value="UTF-8"/>
    <property name="user.name" value="anushk"/>
    <property name="java.class.path" value="C:\Program Files\JetBrains\IntelliJ IDEA Community Edition 2019.3.2\plugins\maven\lib\maven3\boot\plexus-classworlds-2.6.0.jar;C:\Program Files\JetBrains\IntelliJ IDEA Community Edition 2019.3.2\lib\idea_rt.jar"/>
    <property name="java.vm.specification.version" value="1.8"/>
    <property name="sun.arch.data.model" value="64"/>
    <property name="java.home" value="C:\Program Files\Java\jdk1.8.0_121\jre"/>
    <property name="sun.java.command" value="org.codehaus.classworlds.Launcher -Didea.version2019.3.2 clean verify serenity:aggregate"/>
    <property name="java.specification.vendor" value="Oracle Corporation"/>
    <property name="user.language" value="en"/>
    <property name="awt.toolkit" value="sun.awt.windows.WToolkit"/>
    <property name="java.vm.info" value="mixed mode"/>
    <property name="java.version" value="1.8.0_121"/>
    <property name="java.ext.dirs" value="C:\Program Files\Java\jdk1.8.0_121\jre\lib\ext;C:\WINDOWS\Sun\Java\lib\ext"/>
    <property name="sun.boot.class.path" value="C:\Program Files\Java\jdk1.8.0_121\jre\lib\resources.jar;C:\Program Files\Java\jdk1.8.0_121\jre\lib\rt.jar;C:\Program Files\Java\jdk1.8.0_121\jre\lib\sunrsasign.jar;C:\Program Files\Java\jdk1.8.0_121\jre\lib\jsse.jar;C:\Program Files\Java\jdk1.8.0_121\jre\lib\jce.jar;C:\Program Files\Java\jdk1.8.0_121\jre\lib\charsets.jar;C:\Program Files\Java\jdk1.8.0_121\jre\lib\jfr.jar;C:\Program Files\Java\jdk1.8.0_121\jre\classes"/>
    <property name="java.vendor" value="Oracle Corporation"/>
    <property name="maven.home" value="C:\Program Files\JetBrains\IntelliJ IDEA Community Edition 2019.3.2\plugins\maven\lib\maven3"/>
    <property name="file.separator" value="\"/>
    <property name="java.vendor.url.bug" value="http://bugreport.sun.com/bugreport/"/>
    <property name="sun.cpu.endian" value="little"/>
    <property name="sun.io.unicode.encoding" value="UnicodeLittle"/>
    <property name="sun.desktop" value="windows"/>
    <property name="sun.cpu.isalist" value="amd64"/>
  </properties>
  <testcase name="When User sends a GET request to the categories endpoint , they must get back a valid status code 200" classname="Scenario: check if the best buy categories application can be accessed by users" time="0.003"/>
  <testcase name="Scenario: check if the best buy categories application can be accessed by users" classname="Scenario: check if the best buy categories application can be accessed by users" time="26.815"/>
  <testcase name="When I create a new categories by providing the information name &amp; id" classname="Scenario: Create a new categories &amp; verify if the categories is added" time="0.01"/>
  <testcase name="Then I verify the categories is created" classname="Scenario: Create a new categories &amp; verify if the categories is added" time="0.001"/>
  <testcase name="Scenario: Create a new categories &amp; verify if the categories is added" classname="Scenario: Create a new categories &amp; verify if the categories is added" time="0.442"/>
  <testcase name="When I send GET request to categories endpoint with Id &quot;Id&quot; , I should received the categories information" classname="Scenario: Getting categories information by Id" time="0"/>
  <testcase name="Scenario: Getting categories information by Id" classname="Scenario: Getting categories information by Id" time="1.392"/>
  <testcase name="When I update a created categories providing the new name" classname="Scenario: Update a created categories &amp; verify if the categories is updated" time="0"/>
  <testcase name="Then I verify the categories is updated" classname="Scenario: Update a created categories &amp; verify if the categories is updated" time="0"/>
  <testcase name="Scenario: Update a created categories &amp; verify if the categories is updated" classname="Scenario: Update a created categories &amp; verify if the categories is updated" time="0.686"/>
  <testcase name="When I delete a created categories ,they must get back a valid status code  is 200" classname="Scenario: Delete a created categories &amp; verify the categories is deleted" time="0"/>
  <testcase name="Then I verify the categories is deleted" classname="Scenario: Delete a created categories &amp; verify the categories is deleted" time="0"/>
  <testcase name="Scenario: Delete a created categories &amp; verify the categories is deleted" classname="Scenario: Delete a created categories &amp; verify the categories is deleted" time="0.79"/>
  <testcase name="When User sends a GET request to the products endpoint , they must get back a valid status code 200" classname="Scenario: check if the best buy product application can be accessed by users" time="0"/>
  <testcase name="Scenario: check if the best buy product application can be accessed by users" classname="Scenario: check if the best buy product application can be accessed by users" time="1.487"/>
  <testcase name="When I create a new product by providing the information name type  upc  price &quot;87.99&quot; description &quot;This is a placeholder request for creating a new product&quot; model" classname="| 87.99 | This is a placeholder request for creating a new product |" time="0"/>
  <testcase name="Then I verify the product is created" classname="| 87.99 | This is a placeholder request for creating a new product |" time="0"/>
  <testcase name="| 87.99 | This is a placeholder request for creating a new product |" classname="| 87.99 | This is a placeholder request for creating a new product |" time="0.734"/>
  <testcase name="When I send GET request to product endpoint with Id &quot;Id&quot; , I should received the product information" classname="Scenario: Getting product information by Id" time="0"/>
  <testcase name="Scenario: Getting product information by Id" classname="Scenario: Getting product information by Id" time="1.788"/>
  <testcase name="When I update a created product providing the new name upc price and description" classname="Scenario: Update a created product &amp; verify if the product is updated" time="0"/>
  <testcase name="Then I verify the product is updated" classname="Scenario: Update a created product &amp; verify if the product is updated" time="0.001"/>
  <testcase name="Scenario: Update a created product &amp; verify if the product is updated" classname="Scenario: Update a created product &amp; verify if the product is updated" time="0.821"/>
  <testcase name="When I delete a created product ,they must get back a valid status code  is 200" classname="Scenario: Delete a created product &amp; verify the product is deleted" time="0"/>
  <testcase name="Then I verify the product is deleted" classname="Scenario: Delete a created product &amp; verify the product is deleted" time="0"/>
  <testcase name="Scenario: Delete a created product &amp; verify the product is deleted" classname="Scenario: Delete a created product &amp; verify the product is deleted" time="0.777"/>
  <testcase name="When User sends a GET request to the services endpoint , they must get back a valid status code 200" classname="Scenario: check if the best buy services application can be accessed by users" time="0"/>
  <testcase name="Scenario: check if the best buy services application can be accessed by users" classname="Scenario: check if the best buy services application can be accessed by users" time="1.06"/>
  <testcase name="When I create a new services by providing the information name" classname="Scenario: Create a new services &amp; verify if the services is added" time="0"/>
  <testcase name="Then I verify the services is created" classname="Scenario: Create a new services &amp; verify if the services is added" time="0"/>
  <testcase name="Scenario: Create a new services &amp; verify if the services is added" classname="Scenario: Create a new services &amp; verify if the services is added" time="0.962"/>
  <testcase name="When I send GET request to services endpoint with Id &quot;Id&quot; , I should received the services information" classname="Scenario: Getting services information by Id" time="0.001"/>
  <testcase name="Scenario: Getting services information by Id" classname="Scenario: Getting services information by Id" time="1.013"/>
  <testcase name="When I update a created services providing the new name" classname="Scenario: Update a created services &amp; verify if the services is updated" time="0"/>
  <testcase name="Then I verify the services is updated" classname="Scenario: Update a created services &amp; verify if the services is updated" time="0"/>
  <testcase name="Scenario: Update a created services &amp; verify if the services is updated" classname="Scenario: Update a created services &amp; verify if the services is updated" time="0.674"/>
  <testcase name="When I delete a created services ,they must get back a valid status code  is 200" classname="Scenario: Delete a created services &amp; verify the services is deleted" time="0"/>
  <testcase name="Then I verify the services is created is deleted" classname="Scenario: Delete a created services &amp; verify the services is deleted" time="0"/>
  <testcase name="Scenario: Delete a created services &amp; verify the services is deleted" classname="Scenario: Delete a created services &amp; verify the services is deleted" time="0.606"/>
  <testcase name="When User sends a GET request to the stores endpoint , they must get back a valid status code 200" classname="Scenario: check if the best buy stores application can be accessed by users" time="0"/>
  <testcase name="Scenario: check if the best buy stores application can be accessed by users" classname="Scenario: check if the best buy stores application can be accessed by users" time="1.785"/>
  <testcase name="When I create a new stores by providing the information name type  address addresstwo  city state zip lat &quot;45.958785&quot; lng &quot;-90.445596&quot; hours &quot;Mon: 9-6; Tue: 9-6; Wed: 9-6; Thurs: 9-6; Fri: 9-6; Sat: 9-6; Sun: 9-6&quot;" classname="| 45.958785 | -90.445596 | Mon: 9-6; Tue: 9-6; Wed: 9-6; Thurs: 9-6; Fri: 9-6; Sat: 9-6; Sun: 9-6 |" time="0"/>
  <testcase name="Then I verify the stores is created" classname="| 45.958785 | -90.445596 | Mon: 9-6; Tue: 9-6; Wed: 9-6; Thurs: 9-6; Fri: 9-6; Sat: 9-6; Sun: 9-6 |" time="0.001"/>
  <testcase name="| 45.958785 | -90.445596 | Mon: 9-6; Tue: 9-6; Wed: 9-6; Thurs: 9-6; Fri: 9-6; Sat: 9-6; Sun: 9-6 |" classname="| 45.958785 | -90.445596 | Mon: 9-6; Tue: 9-6; Wed: 9-6; Thurs: 9-6; Fri: 9-6; Sat: 9-6; Sun: 9-6 |" time="1.121"/>
  <testcase name="When I send GET request to stores endpoint with Id &quot;Id&quot; , I should received the store information" classname="Scenario: Getting stores information by Id" time="0.005"/>
  <testcase name="Scenario: Getting stores information by Id" classname="Scenario: Getting stores information by Id" time="1.021"/>
  <testcase name="When I update a created store providing the new name type and hours" classname="Scenario: Update a created store &amp; verify if the store is updated" time="0"/>
  <testcase name="Then I verify the store is updated" classname="Scenario: Update a created store &amp; verify if the store is updated" time="0"/>
  <testcase name="Scenario: Update a created store &amp; verify if the store is updated" classname="Scenario: Update a created store &amp; verify if the store is updated" time="1.229"/>
  <testcase name="When I delete a created store ,they must get back a valid status code is 200" classname="Scenario: Delete a created store &amp; verify the store is deleted" time="0"/>
  <testcase name="Then I verify the store is deleted" classname="Scenario: Delete a created store &amp; verify the store is deleted" time="0"/>
  <testcase name="Scenario: Delete a created store &amp; verify the store is deleted" classname="Scenario: Delete a created store &amp; verify the store is deleted" time="0.649"/>
</testsuite>