<?xml version="1.0" encoding="UTF-8"?>
<!-- Generated by org.testng.reporters.JUnitReportReporter -->
<testsuite skipped="0" hostname="AUM" name="com.demo.nopcommerce.TesstNG.TestNGRetryFailedDemo" tests="3" failures="0" timestamp="18 Apr 2020 13:39:38 GMT" time="0.055" errors="0">
  <testcase name="test3" time="0.004" classname="com.demo.nopcommerce.TesstNG.TestNGRetryFailedDemo"/>
  <testcase name="test2" time="0.001" classname="com.demo.nopcommerce.TesstNG.TestNGRetryFailedDemo"/>
  <testcase name="test1" time="0.050" classname="com.demo.nopcommerce.TesstNG.TestNGRetryFailedDemo"/>
</testsuite> <!-- com.demo.nopcommerce.TesstNG.TestNGRetryFailedDemo -->
