<?xml version="1.0" encoding="UTF-8"?>
<!-- Generated by org.testng.reporters.JUnitReportReporter -->
<testsuite skipped="0" hostname="LAPTOP-C1H7GVRS" name="com.demo.nopcommerce.testsuite.LoginTest" tests="1" failures="0" timestamp="11 Apr 2020 17:39:41 GMT" time="17.436" errors="0">
  <testcase name="verifyUserShouldNavigateToLoginPage" time="17.436" classname="com.demo.nopcommerce.testsuite.LoginTest"/>
</testsuite> <!-- com.demo.nopcommerce.testsuite.LoginTest -->
