<?xml version="1.0" encoding="UTF-8"?>
<!-- Generated by org.testng.reporters.JUnitReportReporter -->
<testsuite skipped="0" hostname="DESKTOP-H84TQ4F" name="uk.co.expedia.testsuite.FlightTest" tests="1" failures="0" timestamp="16 Apr 2020 17:06:55 GMT" time="50.003" errors="0">
  <testcase name="verifyUserShouldFindDestinationAccordingToUserRequirement" time="50.003" classname="uk.co.expedia.testsuite.FlightTest"/>
</testsuite> <!-- uk.co.expedia.testsuite.FlightTest -->
