<?xml version="1.0" encoding="UTF-8"?>
<!-- Generated by org.testng.reporters.JUnitReportReporter -->
<testsuite skipped="0" hostname="DESKTOP-H84TQ4F" name="uk.co.expedia.testsuite.LoginTest" tests="1" failures="0" timestamp="16 Apr 2020 17:06:55 GMT" time="46.367" errors="0">
  <testcase name="verifyUserShouldNotLoginWithInvalidUserNameAndPassword" time="46.367" classname="uk.co.expedia.testsuite.LoginTest"/>
</testsuite> <!-- uk.co.expedia.testsuite.LoginTest -->
